<?xml version="1.0" encoding="UTF-8"?>
<robot generator="Robot 7.2.2 (Python 3.13.2 on win32)" generated="2025-05-07T09:37:08.430183" rpa="false" schemaversion="5">
<suite id="s1" name="Test Booker" source="c:\Iterasys\RobotBooker140\__tests__\api\test_booker.robot">
<kw name="Create Token" owner="common" type="SETUP">
<kw name="Create Dictionary" owner="BuiltIn">
<msg time="2025-05-07T09:37:09.170285" level="INFO">${body} = {'username': 'admin', 'password': 'password123'}</msg>
<var>${body}</var>
<arg>username=admin</arg>
<arg>password=password123</arg>
<doc>Creates and returns a dictionary based on the given ``items``.</doc>
<status status="PASS" start="2025-05-07T09:37:09.169609" elapsed="0.023243"/>
</kw>
<kw name="POST" owner="RequestsLibrary">
<msg time="2025-05-07T09:37:09.821261" level="INFO">POST Request : url=https://restful-booker.herokuapp.com/auth 
 path_url=/auth 
 headers={'User-Agent': 'python-requests/2.32.3', 'Accept-Encoding': 'gzip, deflate', 'Accept': '*/*', 'Connection': 'keep-alive', 'Content-Length': '48', 'Content-Type': 'application/json'} 
 body=b'{"username": "admin", "password": "password123"}' 
 </msg>
<msg time="2025-05-07T09:37:09.821691" level="INFO">POST Response : url=https://restful-booker.herokuapp.com/auth 
 status=200, reason=OK 
 headers={'Server': 'Cowboy', 'Report-To': '{"group":"heroku-nel","max_age":3600,"endpoints":[{"url":"https://nel.heroku.com/reports?ts=1746621429&amp;sid=c46efe9b-d3d2-4a0c-8c76-bfafa16c5add&amp;s=I%2BXhu7cjMF2P0lPAY3IfJqJJKrZ0bwAT4cPCbjQZCZY%3D"}]}', 'Reporting-Endpoints': 'heroku-nel=https://nel.heroku.com/reports?ts=1746621429&amp;sid=c46efe9b-d3d2-4a0c-8c76-bfafa16c5add&amp;s=I%2BXhu7cjMF2P0lPAY3IfJqJJKrZ0bwAT4cPCbjQZCZY%3D', 'Nel': '{"report_to":"heroku-nel","max_age":3600,"success_fraction":0.005,"failure_fraction":0.05,"response_headers":["Via"]}', 'Connection': 'keep-alive', 'X-Powered-By': 'Express', 'Content-Type': 'application/json; charset=utf-8', 'Content-Length': '27', 'Etag': 'W/"1b-ONA+UBwac9wIGKUAficMMB/wQDE"', 'Date': 'Wed, 07 May 2025 12:37:09 GMT', 'Via': '1.1 vegur'} 
 body={"token":"dd2c1b58f20b1e2"} 
 </msg>
<msg time="2025-05-07T09:37:09.822028" level="INFO">${response} = &lt;Response [200]&gt;</msg>
<var>${response}</var>
<arg>url=${url}/auth</arg>
<arg>json=${body}</arg>
<doc>Sends a POST request.</doc>
<status status="PASS" start="2025-05-07T09:37:09.193585" elapsed="0.628595"/>
</kw>
<kw name="Status Should Be" owner="RequestsLibrary">
<arg>200</arg>
<doc>Fails if response status code is different than the expected.</doc>
<status status="PASS" start="2025-05-07T09:37:09.822494" elapsed="0.000329"/>
</kw>
<kw name="Set Variable" owner="BuiltIn">
<msg time="2025-05-07T09:37:09.824508" level="INFO">${token} = dd2c1b58f20b1e2</msg>
<var>${token}</var>
<arg>${response.json()}[token]</arg>
<doc>Returns the given values which can then be assigned to a variables.</doc>
<status status="PASS" start="2025-05-07T09:37:09.823059" elapsed="0.001653"/>
</kw>
<kw name="Set Suite Variable" owner="BuiltIn">
<msg time="2025-05-07T09:37:09.825360" level="INFO">${token} = dd2c1b58f20b1e2</msg>
<arg>${token}</arg>
<doc>Makes a variable available everywhere within the scope of the current suite.</doc>
<status status="PASS" start="2025-05-07T09:37:09.824985" elapsed="0.000554"/>
</kw>
<kw name="Log To Console" owner="BuiltIn">
<arg>${token}</arg>
<doc>Logs the given message to the console.</doc>
<status status="PASS" start="2025-05-07T09:37:09.825767" elapsed="0.029361"/>
</kw>
<arg>${url}</arg>
<status status="PASS" start="2025-05-07T09:37:09.168548" elapsed="0.687005"/>
</kw>
<test id="s1-t1" name="Ping HealthCheck" line="95">
<kw name="Verificar se o serviço esta online" owner="common">
<kw name="GET" owner="RequestsLibrary">
<msg time="2025-05-07T09:37:10.441699" level="INFO">GET Request : url=https://restful-booker.herokuapp.com/ping 
 path_url=/ping 
 headers={'User-Agent': 'python-requests/2.32.3', 'Accept-Encoding': 'gzip, deflate', 'Accept': '*/*', 'Connection': 'keep-alive'} 
 body=None 
 </msg>
<msg time="2025-05-07T09:37:10.442226" level="INFO">GET Response : url=https://restful-booker.herokuapp.com/ping 
 status=201, reason=Created 
 headers={'Server': 'Cowboy', 'Report-To': '{"group":"heroku-nel","max_age":3600,"endpoints":[{"url":"https://nel.heroku.com/reports?ts=1746621430&amp;sid=c46efe9b-d3d2-4a0c-8c76-bfafa16c5add&amp;s=U7DtFcV%2FsE8ahPmzx4X%2BuKfOKQe5daFMPvh%2Bx9FIdgU%3D"}]}', 'Reporting-Endpoints': 'heroku-nel=https://nel.heroku.com/reports?ts=1746621430&amp;sid=c46efe9b-d3d2-4a0c-8c76-bfafa16c5add&amp;s=U7DtFcV%2FsE8ahPmzx4X%2BuKfOKQe5daFMPvh%2Bx9FIdgU%3D', 'Nel': '{"report_to":"heroku-nel","max_age":3600,"success_fraction":0.005,"failure_fraction":0.05,"response_headers":["Via"]}', 'Connection': 'keep-alive', 'X-Powered-By': 'Express', 'Content-Type': 'text/plain; charset=utf-8', 'Content-Length': '7', 'Etag': 'W/"7-rM9AyJuqT6iOan/xHh+AW+7K/T8"', 'Date': 'Wed, 07 May 2025 12:37:10 GMT', 'Via': '1.1 vegur'} 
 body=Created 
 </msg>
<msg time="2025-05-07T09:37:10.442964" level="INFO">${response} = &lt;Response [201]&gt;</msg>
<var>${response}</var>
<arg>url=${url}/ping</arg>
<doc>Sends a GET request.</doc>
<status status="PASS" start="2025-05-07T09:37:09.870370" elapsed="0.572879"/>
</kw>
<kw name="Should Be Equal As Numbers" owner="BuiltIn">
<msg time="2025-05-07T09:37:10.445132" level="INFO">Argument types are:
&lt;class 'int'&gt;
&lt;class 'str'&gt;</msg>
<arg>${response.status_code}</arg>
<arg>201</arg>
<doc>Fails if objects are unequal after converting them to real numbers.</doc>
<status status="PASS" start="2025-05-07T09:37:10.443620" elapsed="0.001887"/>
</kw>
<kw name="Should Be Equal As Strings" owner="BuiltIn">
<arg>${response.text}</arg>
<arg>Created</arg>
<doc>Fails if objects are unequal after converting them to strings.</doc>
<status status="PASS" start="2025-05-07T09:37:10.445815" elapsed="0.001199"/>
</kw>
<arg>${url}</arg>
<status status="PASS" start="2025-05-07T09:37:09.869710" elapsed="0.577651"/>
</kw>
<kw name="GET" owner="RequestsLibrary">
<msg time="2025-05-07T09:37:11.014177" level="INFO">GET Request : url=https://restful-booker.herokuapp.com/ping 
 path_url=/ping 
 headers={'User-Agent': 'python-requests/2.32.3', 'Accept-Encoding': 'gzip, deflate', 'Accept': '*/*', 'Connection': 'keep-alive'} 
 body=None 
 </msg>
<msg time="2025-05-07T09:37:11.015876" level="INFO">GET Response : url=https://restful-booker.herokuapp.com/ping 
 status=201, reason=Created 
 headers={'Server': 'Cowboy', 'Report-To': '{"group":"heroku-nel","max_age":3600,"endpoints":[{"url":"https://nel.heroku.com/reports?ts=1746621431&amp;sid=c46efe9b-d3d2-4a0c-8c76-bfafa16c5add&amp;s=59qEonaCFRCc9SxqKuqy0Lhx5hvMxmf7MZlp2OXNvpA%3D"}]}', 'Reporting-Endpoints': 'heroku-nel=https://nel.heroku.com/reports?ts=1746621431&amp;sid=c46efe9b-d3d2-4a0c-8c76-bfafa16c5add&amp;s=59qEonaCFRCc9SxqKuqy0Lhx5hvMxmf7MZlp2OXNvpA%3D', 'Nel': '{"report_to":"heroku-nel","max_age":3600,"success_fraction":0.005,"failure_fraction":0.05,"response_headers":["Via"]}', 'Connection': 'keep-alive', 'X-Powered-By': 'Express', 'Content-Type': 'text/plain; charset=utf-8', 'Content-Length': '7', 'Etag': 'W/"7-rM9AyJuqT6iOan/xHh+AW+7K/T8"', 'Date': 'Wed, 07 May 2025 12:37:11 GMT', 'Via': '1.1 vegur'} 
 body=Created 
 </msg>
<msg time="2025-05-07T09:37:11.016280" level="INFO">${response} = &lt;Response [201]&gt;</msg>
<var>${response}</var>
<arg>url=${url}/ping</arg>
<doc>Sends a GET request.</doc>
<status status="PASS" start="2025-05-07T09:37:10.454127" elapsed="0.562302"/>
</kw>
<kw name="Status Should Be" owner="RequestsLibrary">
<arg>201</arg>
<doc>Fails if response status code is different than the expected.</doc>
<status status="PASS" start="2025-05-07T09:37:11.034071" elapsed="0.000416"/>
</kw>
<status status="PASS" start="2025-05-07T09:37:09.855807" elapsed="1.183858"/>
</test>
<status status="PASS" start="2025-05-07T09:37:08.443882" elapsed="2.602203"/>
</suite>
<statistics>
<total>
<stat pass="1" fail="0" skip="0">All Tests</stat>
</total>
<tag>
</tag>
<suite>
<stat name="Test Booker" id="s1" pass="1" fail="0" skip="0">Test Booker</stat>
</suite>
</statistics>
<errors>
</errors>
</robot>
